<?xml version="1.0" encoding="UTF-8"?>
<!-- Generated by org.testng.reporters.JUnitReportReporter -->
<testsuite hostname="JV-LAP093" failures="0" tests="1" name="tests.LoginTest" time="1.332" errors="0" timestamp="2024-10-21T23:03:20 NPT" skipped="0">
  <testcase classname="tests.LoginTest" name="loginWithSuccess" time="1.332"/>
  <system-out/>
</testsuite> <!-- tests.LoginTest -->
