<?xml version="1.0" encoding="UTF-8"?>
<!-- Generated by org.testng.reporters.JUnitReportReporter -->
<testsuite hostname="JV-LAP093" failures="0" tests="1" name="tests.RegisterTest" time="5.853" errors="0" timestamp="2024-10-22T15:27:13 NPT" skipped="0">
  <testcase classname="tests.RegisterTest" name="registerWithSuccess" time="5.853"/>
  <system-out/>
</testsuite> <!-- tests.RegisterTest -->
