<?xml version="1.0" encoding="UTF-8"?>
<!-- Generated by org.testng.reporters.JUnitReportReporter -->
<testsuite hostname="JV-LAP093" failures="0" tests="1" name="tests.RegisterTest" time="5.263" errors="0" timestamp="2024-10-21T23:03:20 NPT" skipped="0">
  <testcase classname="tests.RegisterTest" name="registerWithSuccess" time="5.263"/>
  <system-out/>
</testsuite> <!-- tests.RegisterTest -->
